<?xml version="1.0" encoding="UTF-8"?>
<coverage generated="1546426741837" clover="3.2.0">
  <project timestamp="1546426741838" name="All files">
    <metrics statements="54" coveredstatements="44" conditionals="10" coveredconditionals="7" methods="21" coveredmethods="17" elements="85" coveredelements="68" complexity="0" loc="54" ncloc="54" packages="2" files="4" classes="4">
      <package name="src">
        <metrics statements="6" coveredstatements="1" conditionals="0" coveredconditionals="0" methods="0" coveredmethods="0"/>
        <file name="index.js" path="C:\Users\rajat.sehdev\Desktop\NoteToSelf\noteself\src\index.js">
          <metrics statements="5" coveredstatements="0" conditionals="0" coveredconditionals="0" methods="0" coveredmethods="0"/>
          <line num="1" count="0" type="stmt"/>
          <line num="2" count="0" type="stmt"/>
          <line num="3" count="0" type="stmt"/>
          <line num="4" count="0" type="stmt"/>
          <line num="7" count="0" type="stmt"/>
        </file>
        <file name="setupTests.js" path="C:\Users\rajat.sehdev\Desktop\NoteToSelf\noteself\src\setupTests.js">
          <metrics statements="1" coveredstatements="1" conditionals="0" coveredconditionals="0" methods="0" coveredmethods="0"/>
          <line num="4" count="2" type="stmt"/>
        </file>
      </package>
      <package name="src.components">
        <metrics statements="48" coveredstatements="43" conditionals="10" coveredconditionals="7" methods="21" coveredmethods="17"/>
        <file name="App.js" path="C:\Users\rajat.sehdev\Desktop\NoteToSelf\noteself\src\components\App.js">
          <metrics statements="38" coveredstatements="36" conditionals="8" coveredconditionals="5" methods="15" coveredmethods="14"/>
          <line num="6" count="1" type="stmt"/>
          <line num="9" count="2" type="stmt"/>
          <line num="10" count="2" type="stmt"/>
          <line num="20" count="11" type="stmt"/>
          <line num="24" count="10" type="stmt"/>
          <line num="25" count="10" type="stmt"/>
          <line num="26" count="10" type="cond" truecount="1" falsecount="1"/>
          <line num="27" count="0" type="stmt"/>
          <line num="30" count="10" type="stmt"/>
          <line num="31" count="10" type="stmt"/>
          <line num="32" count="10" type="stmt"/>
          <line num="37" count="12" type="stmt"/>
          <line num="38" count="12" type="stmt"/>
          <line num="42" count="1" type="stmt"/>
          <line num="43" count="1" type="stmt"/>
          <line num="44" count="1" type="stmt"/>
          <line num="45" count="1" type="stmt"/>
          <line num="46" count="1" type="stmt"/>
          <line num="50" count="3" type="stmt"/>
          <line num="51" count="3" type="stmt"/>
          <line num="52" count="3" type="cond" truecount="1" falsecount="1"/>
          <line num="53" count="3" type="stmt"/>
          <line num="54" count="3" type="cond" truecount="1" falsecount="1"/>
          <line num="55" count="3" type="stmt"/>
          <line num="56" count="3" type="stmt"/>
          <line num="57" count="3" type="stmt"/>
          <line num="61" count="0" type="stmt"/>
          <line num="67" count="4" type="stmt"/>
          <line num="68" count="4" type="stmt"/>
          <line num="72" count="5" type="stmt"/>
          <line num="76" count="2" type="stmt"/>
          <line num="77" count="2" type="stmt"/>
          <line num="81" count="50" type="stmt"/>
          <line num="82" count="50" type="stmt"/>
          <line num="83" count="50" type="stmt"/>
          <line num="84" count="50" type="cond" truecount="2" falsecount="0"/>
          <line num="85" count="23" type="stmt"/>
          <line num="93" count="50" type="stmt"/>
        </file>
        <file name="Note.js" path="C:\Users\rajat.sehdev\Desktop\NoteToSelf\noteself\src\components\Note.js">
          <metrics statements="10" coveredstatements="7" conditionals="2" coveredconditionals="2" methods="6" coveredmethods="3"/>
          <line num="3" count="2" type="stmt"/>
          <line num="13" count="12" type="stmt"/>
          <line num="14" count="12" type="stmt"/>
          <line num="22" count="24" type="stmt"/>
          <line num="23" count="24" type="stmt"/>
          <line num="24" count="24" type="stmt"/>
          <line num="28" count="0" type="cond" truecount="2" falsecount="0"/>
          <line num="32" count="0" type="stmt"/>
          <line num="33" count="2" type="stmt"/>
          <line num="34" count="0" type="stmt"/>
        </file>
      </package>
    </metrics>
  </project>
</coverage>
