{"C:\\Users\\rajat.sehdev\\Desktop\\NoteToSelf\\noteself\\src\\index.js": {"path":"C:\\Users\\rajat.sehdev\\Desktop\\NoteToSelf\\noteself\\src\\index.js","statementMap":{"0":{"start":{"line":1,"column":0},"end":{"line":null,"column":-1}},"1":{"start":{"line":2,"column":0},"end":{"line":null,"column":-1}},"2":{"start":{"line":3,"column":0},"end":{"line":null,"column":-1}},"3":{"start":{"line":4,"column":0},"end":{"line":null,"column":-1}},"4":{"start":{"line":7,"column":0},"end":{"line":null,"column":-1}}},"fnMap":{},"branchMap":{},"s":{"0":0,"1":0,"2":0,"3":0,"4":0},"f":{},"b":{}}
,"C:\\Users\\rajat.sehdev\\Desktop\\NoteToSelf\\noteself\\src\\setupTests.js": {"path":"C:\\Users\\rajat.sehdev\\Desktop\\NoteToSelf\\noteself\\src\\setupTests.js","statementMap":{"0":{"start":{"line":4,"column":0},"end":{"line":4,"column":38}}},"fnMap":{},"branchMap":{},"s":{"0":2},"f":{},"b":{},"_coverageSchema":"332fd63041d2c1bcb487cc26dd0d5f7d97098a6c","hash":"fd5bcbe59675d75052ee209d3c5c7aa70458f570"}
,"C:\\Users\\rajat.sehdev\\Desktop\\NoteToSelf\\noteself\\src\\components\\App.js": {"path":"C:\\Users\\rajat.sehdev\\Desktop\\NoteToSelf\\noteself\\src\\components\\App.js","statementMap":{"0":{"start":{"line":6,"column":15},"end":{"line":6,"column":22}},"1":{"start":{"line":9,"column":4},"end":{"line":9,"column":12}},"2":{"start":{"line":10,"column":4},"end":{"line":14,"column":5}},"3":{"start":{"line":20,"column":4},"end":{"line":20,"column":41}},"4":{"start":{"line":24,"column":28},"end":{"line":24,"column":38}},"5":{"start":{"line":25,"column":22},"end":{"line":25,"column":71}},"6":{"start":{"line":25,"column":49},"end":{"line":25,"column":70}},"7":{"start":{"line":26,"column":4},"end":{"line":33,"column":5}},"8":{"start":{"line":27,"column":8},"end":{"line":27,"column":60}},"9":{"start":{"line":30,"column":8},"end":{"line":30,"column":44}},"10":{"start":{"line":31,"column":8},"end":{"line":31,"column":31}},"11":{"start":{"line":32,"column":8},"end":{"line":32,"column":34}},"12":{"start":{"line":37,"column":4},"end":{"line":37,"column":30}},"13":{"start":{"line":38,"column":4},"end":{"line":38,"column":26}},"14":{"start":{"line":42,"column":22},"end":{"line":42,"column":32}},"15":{"start":{"line":43,"column":26},"end":{"line":43,"column":76}},"16":{"start":{"line":43,"column":51},"end":{"line":43,"column":75}},"17":{"start":{"line":44,"column":4},"end":{"line":44,"column":52}},"18":{"start":{"line":45,"column":4},"end":{"line":45,"column":27}},"19":{"start":{"line":46,"column":4},"end":{"line":46,"column":30}},"20":{"start":{"line":50,"column":28},"end":{"line":50,"column":38}},"21":{"start":{"line":51,"column":22},"end":{"line":51,"column":71}},"22":{"start":{"line":51,"column":49},"end":{"line":51,"column":70}},"23":{"start":{"line":52,"column":4},"end":{"line":62,"column":4}},"24":{"start":{"line":53,"column":25},"end":{"line":53,"column":76}},"25":{"start":{"line":53,"column":54},"end":{"line":53,"column":75}},"26":{"start":{"line":54,"column":4},"end":{"line":58,"column":5}},"27":{"start":{"line":55,"column":4},"end":{"line":55,"column":36}},"28":{"start":{"line":56,"column":4},"end":{"line":56,"column":46}},"29":{"start":{"line":57,"column":4},"end":{"line":57,"column":30}},"30":{"start":{"line":61,"column":7},"end":{"line":61,"column":65}},"31":{"start":{"line":67,"column":4},"end":{"line":67,"column":41}},"32":{"start":{"line":68,"column":0},"end":{"line":68,"column":48}},"33":{"start":{"line":72,"column":4},"end":{"line":72,"column":40}},"34":{"start":{"line":76,"column":4},"end":{"line":76,"column":65}},"35":{"start":{"line":77,"column":4},"end":{"line":77,"column":46}},"36":{"start":{"line":81,"column":4},"end":{"line":81,"column":28}},"37":{"start":{"line":82,"column":36},"end":{"line":82,"column":46}},"38":{"start":{"line":83,"column":66},"end":{"line":83,"column":143}},"39":{"start":{"line":84,"column":21},"end":{"line":92,"column":72}},"40":{"start":{"line":85,"column":30},"end":{"line":92,"column":71}},"41":{"start":{"line":93,"column":4},"end":{"line":111,"column":5}}},"fnMap":{"0":{"name":"(anonymous_0)","decl":{"start":{"line":8,"column":0},"end":{"line":8,"column":1}},"loc":{"start":{"line":8,"column":13},"end":{"line":17,"column":1}},"line":8},"1":{"name":"(anonymous_1)","decl":{"start":{"line":19,"column":0},"end":{"line":19,"column":1}},"loc":{"start":{"line":19,"column":15},"end":{"line":21,"column":1}},"line":19},"2":{"name":"(anonymous_2)","decl":{"start":{"line":23,"column":0},"end":{"line":23,"column":1}},"loc":{"start":{"line":23,"column":10},"end":{"line":34,"column":1}},"line":23},"3":{"name":"(anonymous_3)","decl":{"start":{"line":25,"column":35},"end":{"line":25,"column":36}},"loc":{"start":{"line":25,"column":49},"end":{"line":25,"column":70}},"line":25},"4":{"name":"(anonymous_4)","decl":{"start":{"line":36,"column":0},"end":{"line":36,"column":1}},"loc":{"start":{"line":36,"column":12},"end":{"line":39,"column":1}},"line":36},"5":{"name":"(anonymous_5)","decl":{"start":{"line":41,"column":13},"end":{"line":41,"column":14}},"loc":{"start":{"line":41,"column":27},"end":{"line":47,"column":1}},"line":41},"6":{"name":"(anonymous_6)","decl":{"start":{"line":43,"column":39},"end":{"line":43,"column":40}},"loc":{"start":{"line":43,"column":51},"end":{"line":43,"column":75}},"line":43},"7":{"name":"(anonymous_7)","decl":{"start":{"line":49,"column":18},"end":{"line":49,"column":19}},"loc":{"start":{"line":49,"column":30},"end":{"line":64,"column":1}},"line":49},"8":{"name":"(anonymous_8)","decl":{"start":{"line":51,"column":35},"end":{"line":51,"column":36}},"loc":{"start":{"line":51,"column":49},"end":{"line":51,"column":70}},"line":51},"9":{"name":"(anonymous_9)","decl":{"start":{"line":53,"column":41},"end":{"line":53,"column":42}},"loc":{"start":{"line":53,"column":54},"end":{"line":53,"column":75}},"line":53},"10":{"name":"(anonymous_10)","decl":{"start":{"line":66,"column":19},"end":{"line":66,"column":20}},"loc":{"start":{"line":66,"column":26},"end":{"line":69,"column":1}},"line":66},"11":{"name":"(anonymous_11)","decl":{"start":{"line":71,"column":11},"end":{"line":71,"column":12}},"loc":{"start":{"line":71,"column":23},"end":{"line":73,"column":9}},"line":71},"12":{"name":"(anonymous_12)","decl":{"start":{"line":75,"column":0},"end":{"line":75,"column":1}},"loc":{"start":{"line":75,"column":19},"end":{"line":78,"column":1}},"line":75},"13":{"name":"(anonymous_13)","decl":{"start":{"line":80,"column":0},"end":{"line":80,"column":1}},"loc":{"start":{"line":80,"column":9},"end":{"line":112,"column":3}},"line":80},"14":{"name":"(anonymous_14)","decl":{"start":{"line":85,"column":14},"end":{"line":85,"column":15}},"loc":{"start":{"line":85,"column":30},"end":{"line":92,"column":71}},"line":85}},"branchMap":{"0":{"loc":{"start":{"line":26,"column":4},"end":{"line":33,"column":5}},"type":"if","locations":[{"start":{"line":26,"column":4},"end":{"line":33,"column":5}},{"start":{"line":26,"column":4},"end":{"line":33,"column":5}}],"line":26},"1":{"loc":{"start":{"line":52,"column":4},"end":{"line":62,"column":4}},"type":"if","locations":[{"start":{"line":52,"column":4},"end":{"line":62,"column":4}},{"start":{"line":52,"column":4},"end":{"line":62,"column":4}}],"line":52},"2":{"loc":{"start":{"line":54,"column":4},"end":{"line":58,"column":5}},"type":"if","locations":[{"start":{"line":54,"column":4},"end":{"line":58,"column":5}},{"start":{"line":54,"column":4},"end":{"line":58,"column":5}}],"line":54},"3":{"loc":{"start":{"line":84,"column":21},"end":{"line":92,"column":72}},"type":"cond-expr","locations":[{"start":{"line":84,"column":42},"end":{"line":84,"column":77}},{"start":{"line":85,"column":4},"end":{"line":92,"column":72}}],"line":84}},"s":{"0":1,"1":2,"2":2,"3":11,"4":10,"5":10,"6":0,"7":10,"8":0,"9":10,"10":10,"11":10,"12":12,"13":12,"14":1,"15":1,"16":1,"17":1,"18":1,"19":1,"20":3,"21":3,"22":3,"23":3,"24":3,"25":3,"26":3,"27":3,"28":3,"29":3,"30":0,"31":4,"32":4,"33":5,"34":2,"35":2,"36":50,"37":50,"38":50,"39":50,"40":23,"41":50},"f":{"0":2,"1":11,"2":10,"3":0,"4":12,"5":1,"6":1,"7":3,"8":3,"9":3,"10":4,"11":5,"12":2,"13":50,"14":23},"b":{"0":[0,10],"1":[3,0],"2":[3,0],"3":[27,23]},"_coverageSchema":"332fd63041d2c1bcb487cc26dd0d5f7d97098a6c","hash":"4d5c4426f6a30405ba4d5b5469b0422e9ab21aa3"}
,"C:\\Users\\rajat.sehdev\\Desktop\\NoteToSelf\\noteself\\src\\components\\Note.js": {"path":"C:\\Users\\rajat.sehdev\\Desktop\\NoteToSelf\\noteself\\src\\components\\Note.js","statementMap":{"0":{"start":{"line":3,"column":13},"end":{"line":8,"column":1}},"1":{"start":{"line":13,"column":4},"end":{"line":13,"column":17}},"2":{"start":{"line":14,"column":4},"end":{"line":16,"column":5}},"3":{"start":{"line":22,"column":78},"end":{"line":22,"column":88}},"4":{"start":{"line":23,"column":4},"end":{"line":23,"column":48}},"5":{"start":{"line":24,"column":4},"end":{"line":37,"column":9}},"6":{"start":{"line":28,"column":116},"end":{"line":28,"column":131}},"7":{"start":{"line":32,"column":61},"end":{"line":32,"column":95}},"8":{"start":{"line":33,"column":63},"end":{"line":33,"column":90}},"9":{"start":{"line":34,"column":65},"end":{"line":34,"column":85}}},"fnMap":{"0":{"name":"(anonymous_0)","decl":{"start":{"line":12,"column":0},"end":{"line":12,"column":1}},"loc":{"start":{"line":12,"column":18},"end":{"line":18,"column":1}},"line":12},"1":{"name":"(anonymous_1)","decl":{"start":{"line":21,"column":0},"end":{"line":21,"column":1}},"loc":{"start":{"line":21,"column":9},"end":{"line":38,"column":5}},"line":21},"2":{"name":"(anonymous_2)","decl":{"start":{"line":28,"column":109},"end":{"line":28,"column":110}},"loc":{"start":{"line":28,"column":116},"end":{"line":28,"column":131}},"line":28},"3":{"name":"(anonymous_3)","decl":{"start":{"line":32,"column":55},"end":{"line":32,"column":56}},"loc":{"start":{"line":32,"column":61},"end":{"line":32,"column":95}},"line":32},"4":{"name":"(anonymous_4)","decl":{"start":{"line":33,"column":56},"end":{"line":33,"column":57}},"loc":{"start":{"line":33,"column":63},"end":{"line":33,"column":90}},"line":33},"5":{"name":"(anonymous_5)","decl":{"start":{"line":34,"column":59},"end":{"line":34,"column":60}},"loc":{"start":{"line":34,"column":65},"end":{"line":34,"column":85}},"line":34}},"branchMap":{"0":{"loc":{"start":{"line":28,"column":21},"end":{"line":28,"column":145}},"type":"cond-expr","locations":[{"start":{"line":28,"column":71},"end":{"line":28,"column":134}},{"start":{"line":28,"column":137},"end":{"line":28,"column":145}}],"line":28}},"s":{"0":2,"1":12,"2":12,"3":24,"4":24,"5":24,"6":0,"7":0,"8":2,"9":0},"f":{"0":12,"1":24,"2":0,"3":0,"4":2,"5":0},"b":{"0":[12,12]},"_coverageSchema":"332fd63041d2c1bcb487cc26dd0d5f7d97098a6c","hash":"865e5b9d423c15060e85b56232274185b13c042b"}
}
