TN:
SF:C:\Users\rajat.sehdev\Desktop\NoteToSelf\noteself\src\index.js
FNF:0
FNH:0
DA:1,0
DA:2,0
DA:3,0
DA:4,0
DA:7,0
LF:5
LH:0
BRF:0
BRH:0
end_of_record
TN:
SF:C:\Users\rajat.sehdev\Desktop\NoteToSelf\noteself\src\setupTests.js
FNF:0
FNH:0
DA:4,2
LF:1
LH:1
BRF:0
BRH:0
end_of_record
TN:
SF:C:\Users\rajat.sehdev\Desktop\NoteToSelf\noteself\src\components\App.js
FN:8,(anonymous_0)
FN:19,(anonymous_1)
FN:23,(anonymous_2)
FN:25,(anonymous_3)
FN:36,(anonymous_4)
FN:41,(anonymous_5)
FN:43,(anonymous_6)
FN:49,(anonymous_7)
FN:51,(anonymous_8)
FN:53,(anonymous_9)
FN:66,(anonymous_10)
FN:71,(anonymous_11)
FN:75,(anonymous_12)
FN:80,(anonymous_13)
FN:85,(anonymous_14)
FNF:15
FNH:14
FNDA:2,(anonymous_0)
FNDA:11,(anonymous_1)
FNDA:10,(anonymous_2)
FNDA:0,(anonymous_3)
FNDA:12,(anonymous_4)
FNDA:1,(anonymous_5)
FNDA:1,(anonymous_6)
FNDA:3,(anonymous_7)
FNDA:3,(anonymous_8)
FNDA:3,(anonymous_9)
FNDA:4,(anonymous_10)
FNDA:5,(anonymous_11)
FNDA:2,(anonymous_12)
FNDA:50,(anonymous_13)
FNDA:23,(anonymous_14)
DA:6,1
DA:9,2
DA:10,2
DA:20,11
DA:24,10
DA:25,10
DA:26,10
DA:27,0
DA:30,10
DA:31,10
DA:32,10
DA:37,12
DA:38,12
DA:42,1
DA:43,1
DA:44,1
DA:45,1
DA:46,1
DA:50,3
DA:51,3
DA:52,3
DA:53,3
DA:54,3
DA:55,3
DA:56,3
DA:57,3
DA:61,0
DA:67,4
DA:68,4
DA:72,5
DA:76,2
DA:77,2
DA:81,50
DA:82,50
DA:83,50
DA:84,50
DA:85,23
DA:93,50
LF:38
LH:36
BRDA:26,0,0,0
BRDA:26,0,1,10
BRDA:52,1,0,3
BRDA:52,1,1,0
BRDA:54,2,0,3
BRDA:54,2,1,0
BRDA:84,3,0,27
BRDA:84,3,1,23
BRF:8
BRH:5
end_of_record
TN:
SF:C:\Users\rajat.sehdev\Desktop\NoteToSelf\noteself\src\components\Note.js
FN:12,(anonymous_0)
FN:21,(anonymous_1)
FN:28,(anonymous_2)
FN:32,(anonymous_3)
FN:33,(anonymous_4)
FN:34,(anonymous_5)
FNF:6
FNH:3
FNDA:12,(anonymous_0)
FNDA:24,(anonymous_1)
FNDA:0,(anonymous_2)
FNDA:0,(anonymous_3)
FNDA:2,(anonymous_4)
FNDA:0,(anonymous_5)
DA:3,2
DA:13,12
DA:14,12
DA:22,24
DA:23,24
DA:24,24
DA:28,0
DA:32,0
DA:33,2
DA:34,0
LF:10
LH:7
BRDA:28,0,0,12
BRDA:28,0,1,12
BRF:2
BRH:2
end_of_record
